#
# A fatal error has been detected by the Java Runtime Environment:
#
#  EXCEPTION_ACCESS_VIOLATION (0xc0000005) at pc=0x00007ffa3d224b9d, pid=7152, tid=24812
#
# JRE version: OpenJDK Runtime Environment Temurin-17.0.8.1+1 (17.0.8.1+1) (build 17.0.8.1+1)
# Java VM: OpenJDK 64-Bit Server VM Temurin-17.0.8.1+1 (17.0.8.1+1, mixed mode, emulated-client, tiered, compressed oops, compressed class ptrs, g1 gc, windows-amd64)
# Problematic frame:
# V  [jvm.dll+0x7a4b9d]
#
# No core dump will be written. Minidumps are not enabled by default on client versions of Windows
#
# If you would like to submit a bug report, please visit:
#   https://github.com/adoptium/adoptium-support/issues
#

---------------  S U M M A R Y ------------

Command Line: -Dcom.sun.management.jmxremote -Dcom.sun.management.jmxremote.port=61295 -Dcom.sun.management.jmxremote.authenticate=false -Dcom.sun.management.jmxremote.ssl=false -Djava.rmi.server.hostname=localhost -Dspring.jmx.enabled=true -Dmanagement.endpoints.jmx.exposure.include=* -Dspring.application.admin.enabled=true -XX:TieredStopAtLevel=1 -Dspring.boot.project.name=ecommerce -Dfile.encoding=UTF-8 -Dstdout.encoding=UTF-8 -Dstderr.encoding=UTF-8 -XX:+ShowCodeDetailsInExceptionMessages com.sellerapp.EcommerceApplication --spring.output.ansi.enabled=always

Host: AMD Ryzen 5 3550H with Radeon Vega Mobile Gfx  , 8 cores, 5G,  Windows 11 , 64 bit Build 22621 (10.0.22621.3085)
Time: Fri Feb 16 22:13:40 2024 India Standard Time elapsed time: 14409.254711 seconds (0d 4h 0m 9s)

---------------  T H R E A D  ---------------

Current thread (0x000001a596dc4620):  JavaThread "Service Thread" daemon [_thread_in_vm, id=24812, stack(0x0000001c40400000,0x0000001c40500000)]

Stack: [0x0000001c40400000,0x0000001c40500000],  sp=0x0000001c404ff210,  free space=1020k
Native frames: (J=compiled Java code, j=interpreted, Vv=VM code, C=native code)
V  [jvm.dll+0x7a4b9d]
V  [jvm.dll+0x7a6065]
V  [jvm.dll+0x6dcc92]
V  [jvm.dll+0x7ec09b]
V  [jvm.dll+0x7e64ca]
V  [jvm.dll+0x677955]
C  [ucrtbase.dll+0x29363]
C  [KERNEL32.DLL+0x1257d]
C  [ntdll.dll+0x5aa58]


siginfo: EXCEPTION_ACCESS_VIOLATION (0xc0000005), reading address 0x0000014e9c552ff0


Register to memory mapping:

RIP=0x00007ffa3d224b9d jvm.dll
RAX=0x000001a59db0f350 points into unknown readable memory: 0x6552000f75c80002 | 02 00 c8 75 0f 00 52 65
RBX=0x0 is NULL
RCX=0x0000000075c80002 is an unknown value
RDX=0x000001a59d78e160 points into unknown readable memory: 0x000001a59d584600 | 00 46 58 9d a5 01 00 00
RSP=0x0000001c404ff210 is pointing into the stack for thread: 0x000001a596dc4620
RBP=0x0000000000003000 is an unknown value
RSI=0x0000000000002d11 is an unknown value
RDI=0x000001a596c48dc0 points into unknown readable memory: 0x000001a59dbda360 | 60 a3 bd 9d a5 01 00 00
R8 =0x0000014e9c552ff0 is an unknown value
R9 =0x0000000000000001 is an unknown value
R10=0x000001a588071410 points into unknown readable memory: 0x00000000008a0002 | 02 00 8a 00 00 00 00 00
R11=0x0000001c404ff140 is pointing into the stack for thread: 0x000001a596dc4620
R12=0x0000001c404ffbc8 is pointing into the stack for thread: 0x000001a596dc4620
R13=0x000001a596dc4620 is a thread
R14=0x0 is NULL
R15=0x000001a596c324a0 points into unknown readable memory: 0x0000000000000000 | 00 00 00 00 00 00 00 00


Registers:
RAX=0x000001a59db0f350, RBX=0x0000000000000000, RCX=0x0000000075c80002, RDX=0x000001a59d78e160
RSP=0x0000001c404ff210, RBP=0x0000000000003000, RSI=0x0000000000002d11, RDI=0x000001a596c48dc0
R8 =0x0000014e9c552ff0, R9 =0x0000000000000001, R10=0x000001a588071410, R11=0x0000001c404ff140
R12=0x0000001c404ffbc8, R13=0x000001a596dc4620, R14=0x0000000000000000, R15=0x000001a596c324a0
RIP=0x00007ffa3d224b9d, EFLAGS=0x0000000000010206

Top of Stack: (sp=0x0000001c404ff210)
0x0000001c404ff210:   0000000000000000 000000000000111a
0x0000001c404ff220:   000001a596c3ae08 0000000000000000
0x0000001c404ff230:   0000001c404ffbd0 0000001c404ffbc8
0x0000001c404ff240:   000001a596dc4620 0000000000002d11
0x0000001c404ff250:   000001a596c324a0 0000000000003000
0x0000001c404ff260:   000001a596c23c60 0000000000000010
0x0000001c404ff270:   000001a59d332a40 000001a59b37ca00
0x0000001c404ff280:   000000000012000f 00007ffae704d2d9
0x0000001c404ff290:   0000000000000000 000001a588071440
0x0000001c404ff2a0:   000001a50b00000b 0000000000000000
0x0000001c404ff2b0:   000001a5880702a4 0000000000000010
0x0000001c404ff2c0:   000001a588070cc0 00000000000007d0
0x0000001c404ff2d0:   000001a596de61e0 0000000000000004
0x0000001c404ff2e0:   0000000000000008 0000000000000010
0x0000001c404ff2f0:   0000000000000000 0000000000000001
0x0000001c404ff300:   0000000000000000 0000001c404ff3b9 

Instructions: (pc=0x00007ffa3d224b9d)
0x00007ffa3d224a9d:   48 33 cc e8 5b c1 0e 00 48 81 c4 38 08 00 00 41
0x00007ffa3d224aad:   5f 41 5e 41 5d 5e 5d 5b c3 cc cc cc cc cc cc cc
0x00007ffa3d224abd:   cc cc cc 40 53 55 56 57 41 54 41 55 41 57 48 81
0x00007ffa3d224acd:   ec 70 08 00 00 48 8b 05 6f f0 38 00 48 33 c4 48
0x00007ffa3d224add:   89 84 24 60 08 00 00 48 8b 79 08 49 8b e9 48 8b
0x00007ffa3d224aed:   9a f8 00 00 00 49 8b f0 48 8b 84 24 d8 08 00 00
0x00007ffa3d224afd:   4c 8b ea 4c 8b a4 24 d0 08 00 00 4c 8b f9 48 89
0x00007ffa3d224b0d:   44 24 20 48 8b c3 4c 89 4c 24 48 48 89 54 24 30
0x00007ffa3d224b1d:   48 89 4c 24 40 4c 89 64 24 28 48 89 7c 24 50 f6
0x00007ffa3d224b2d:   c3 01 75 0b 48 8b 05 38 99 3c 00 48 83 c8 01 48
0x00007ffa3d224b3d:   89 82 f8 00 00 00 e8 f8 4f ec ff 48 3b f5 0f 83
0x00007ffa3d224b4d:   50 02 00 00 4c 89 b4 24 b8 08 00 00 45 33 f6 0f
0x00007ffa3d224b5d:   1f 40 00 48 8b 07 48 8d 3c f0 48 ff c6 48 3b f5
0x00007ffa3d224b6d:   48 89 74 24 38 4c 8d 47 08 4d 0f 43 c6 4d 85 c0
0x00007ffa3d224b7d:   74 09 4d 8b 00 49 83 e0 fc eb 03 4d 8b c6 48 8b
0x00007ffa3d224b8d:   17 48 83 e2 fc 0f 84 f3 01 00 00 4d 85 c0 74 03
0x00007ffa3d224b9d:   4d 8b 00 48 8b 02 49 ff 04 24 48 8b 42 08 8b 08
0x00007ffa3d224bad:   66 85 c9 74 0d 48 8b 12 48 85 d2 75 de e9 cc 01
0x00007ffa3d224bbd:   00 00 49 89 9d f8 00 00 00 41 8b de 0f 1f 80 00
0x00007ffa3d224bcd:   00 00 00 48 8b 07 a8 01 75 15 48 8b 07 48 83 e0
0x00007ffa3d224bdd:   fc 48 8b c8 48 83 c9 01 f0 48 0f b1 0f 74 18 ff
0x00007ffa3d224bed:   c3 81 fb 00 20 00 00 75 07 e8 c5 ff ec ff eb c9
0x00007ffa3d224bfd:   e8 de a1 86 ff eb cc 48 8b 07 4c 8b c7 48 83 e0
0x00007ffa3d224c0d:   fc 74 3f 49 ff 04 24 48 8b 48 08 8b 11 66 85 d2
0x00007ffa3d224c1d:   75 25 4a 89 44 f4 60 49 ff c6 48 8b 00 49 8b 08
0x00007ffa3d224c2d:   48 33 c8 83 e1 03 48 33 c8 49 89 08 49 81 fe 00
0x00007ffa3d224c3d:   01 00 00 74 0d eb 06 4c 8b c0 48 8b 00 48 85 c0
0x00007ffa3d224c4d:   75 c1 48 8b 07 48 83 e0 fc 80 bc 24 e0 08 00 00
0x00007ffa3d224c5d:   00 48 89 07 75 12 e8 d8 4e ec ff 49 8b 47 48 49
0x00007ffa3d224c6d:   3b c5 74 09 4d 89 6f 48 e8 56 9e b9 ff 33 ed 4d
0x00007ffa3d224c7d:   85 f6 0f 84 d8 00 00 00 4c 8b 64 24 20 44 8d 6d
0x00007ffa3d224c8d:   08 66 90 49 ff 04 24 48 8b 74 ec 60 48 8b 46 08 


Stack slot to memory mapping:
stack at sp + 0 slots: 0x0 is NULL
stack at sp + 1 slots: 0x000000000000111a is an unknown value
stack at sp + 2 slots: 0x000001a596c3ae08 points into unknown readable memory: 0x000001a59dbe0500 | 00 05 be 9d a5 01 00 00
stack at sp + 3 slots: 0x0 is NULL
stack at sp + 4 slots: 0x0000001c404ffbd0 is pointing into the stack for thread: 0x000001a596dc4620
stack at sp + 5 slots: 0x0000001c404ffbc8 is pointing into the stack for thread: 0x000001a596dc4620
stack at sp + 6 slots: 0x000001a596dc4620 is a thread
stack at sp + 7 slots: 0x0000000000002d11 is an unknown value


---------------  P R O C E S S  ---------------

Threads class SMR info:
_java_thread_list=0x000001a59e064510, length=35, elements={
0x000001a59b013020, 0x000001a596da7550, 0x000001a596de8370, 0x000001a596dc2c40,
0x000001a596dc4620, 0x000001a596dc4ef0, 0x000001a59b037810, 0x000001a59b038530,
0x000001a59b10e960, 0x000001a59b20d800, 0x000001a59b83f7f0, 0x000001a59b82a430,
0x000001a59ba27440, 0x000001a59c18b7c0, 0x000001a59d485080, 0x000001a59d9ed0a0,
0x000001a59d9ecb90, 0x000001a59d9ee9f0, 0x000001a59d9ea820, 0x000001a59d9ed5b0,
0x000001a59d9e7a90, 0x000001a59d9e7fa0, 0x000001a59d9e84b0, 0x000001a59d9e89c0,
0x000001a59d9ea310, 0x000001a59d9e8ed0, 0x000001a59d9e93e0, 0x000001a59d9e98f0,
0x000001a59d9ead30, 0x000001a59d9eb240, 0x000001a59d9ec170, 0x000001a59d9eb750,
0x000001a59d9ec680, 0x000001a59c18b2b0, 0x000001a59c18bcd0
}

Java Threads: ( => current thread )
  0x000001a59b013020 JavaThread "Reference Handler" daemon [_thread_blocked, id=20104, stack(0x0000001c40000000,0x0000001c40100000)]
  0x000001a596da7550 JavaThread "Finalizer" daemon [_thread_blocked, id=18496, stack(0x0000001c40100000,0x0000001c40200000)]
  0x000001a596de8370 JavaThread "Signal Dispatcher" daemon [_thread_blocked, id=9884, stack(0x0000001c40200000,0x0000001c40300000)]
  0x000001a596dc2c40 JavaThread "Attach Listener" daemon [_thread_blocked, id=15252, stack(0x0000001c40300000,0x0000001c40400000)]
=>0x000001a596dc4620 JavaThread "Service Thread" daemon [_thread_in_vm, id=24812, stack(0x0000001c40400000,0x0000001c40500000)]
  0x000001a596dc4ef0 JavaThread "Monitor Deflation Thread" daemon [_thread_blocked, id=26224, stack(0x0000001c40500000,0x0000001c40600000)]
  0x000001a59b037810 JavaThread "C1 CompilerThread0" daemon [_thread_blocked, id=17400, stack(0x0000001c40600000,0x0000001c40700000)]
  0x000001a59b038530 JavaThread "Sweeper thread" daemon [_thread_blocked, id=10136, stack(0x0000001c40700000,0x0000001c40800000)]
  0x000001a59b10e960 JavaThread "Common-Cleaner" daemon [_thread_blocked, id=18548, stack(0x0000001c40800000,0x0000001c40900000)]
  0x000001a59b20d800 JavaThread "Notification Thread" daemon [_thread_blocked, id=23860, stack(0x0000001c40c00000,0x0000001c40d00000)]
  0x000001a59b83f7f0 JavaThread "RMI TCP Accept-0" daemon [_thread_in_native, id=19116, stack(0x0000001c40d00000,0x0000001c40e00000)]
  0x000001a59b82a430 JavaThread "RMI TCP Accept-61295" daemon [_thread_in_native, id=19024, stack(0x0000001c40e00000,0x0000001c40f00000)]
  0x000001a59ba27440 JavaThread "RMI TCP Accept-0" daemon [_thread_in_native, id=22812, stack(0x0000001c40f00000,0x0000001c41000000)]
  0x000001a59c18b7c0 JavaThread "RMI Scheduler(0)" daemon [_thread_blocked, id=25636, stack(0x0000001c41d00000,0x0000001c41e00000)]
  0x000001a59d485080 JavaThread "Live Reload Server" daemon [_thread_in_native, id=17860, stack(0x0000001c42900000,0x0000001c42a00000)]
  0x000001a59d9ed0a0 JavaThread "DestroyJavaVM" [_thread_blocked, id=1848, stack(0x0000001c3f900000,0x0000001c3fa00000)]
  0x000001a59d9ecb90 JavaThread "HikariPool-2 housekeeper" daemon [_thread_blocked, id=25576, stack(0x0000001c3f800000,0x0000001c3f900000)]
  0x000001a59d9ee9f0 JavaThread "Catalina-utility-1" [_thread_blocked, id=24188, stack(0x0000001c41c00000,0x0000001c41d00000)]
  0x000001a59d9ea820 JavaThread "Catalina-utility-2" [_thread_blocked, id=26064, stack(0x0000001c41e00000,0x0000001c41f00000)]
  0x000001a59d9ed5b0 JavaThread "container-0" [_thread_blocked, id=13624, stack(0x0000001c42000000,0x0000001c42100000)]
  0x000001a59d9e7a90 JavaThread "File Watcher" daemon [_thread_blocked, id=15260, stack(0x0000001c42200000,0x0000001c42300000)]
  0x000001a59d9e7fa0 JavaThread "http-nio-8082-exec-1" daemon [_thread_blocked, id=4948, stack(0x0000001c42300000,0x0000001c42400000)]
  0x000001a59d9e84b0 JavaThread "http-nio-8082-exec-2" daemon [_thread_blocked, id=24844, stack(0x0000001c42400000,0x0000001c42500000)]
  0x000001a59d9e89c0 JavaThread "http-nio-8082-exec-3" daemon [_thread_blocked, id=26232, stack(0x0000001c42500000,0x0000001c42600000)]
  0x000001a59d9ea310 JavaThread "http-nio-8082-exec-4" daemon [_thread_blocked, id=21612, stack(0x0000001c42600000,0x0000001c42700000)]
  0x000001a59d9e8ed0 JavaThread "http-nio-8082-exec-5" daemon [_thread_blocked, id=5680, stack(0x0000001c42700000,0x0000001c42800000)]
  0x000001a59d9e93e0 JavaThread "http-nio-8082-exec-6" daemon [_thread_blocked, id=17736, stack(0x0000001c42800000,0x0000001c42900000)]
  0x000001a59d9e98f0 JavaThread "http-nio-8082-exec-7" daemon [_thread_blocked, id=1524, stack(0x0000001c42a00000,0x0000001c42b00000)]
  0x000001a59d9ead30 JavaThread "http-nio-8082-exec-8" daemon [_thread_blocked, id=3992, stack(0x0000001c42b00000,0x0000001c42c00000)]
  0x000001a59d9eb240 JavaThread "http-nio-8082-exec-9" daemon [_thread_blocked, id=14396, stack(0x0000001c42c00000,0x0000001c42d00000)]
  0x000001a59d9ec170 JavaThread "http-nio-8082-exec-10" daemon [_thread_blocked, id=23080, stack(0x0000001c42d00000,0x0000001c42e00000)]
  0x000001a59d9eb750 JavaThread "http-nio-8082-Poller" daemon [_thread_in_native, id=13684, stack(0x0000001c42e00000,0x0000001c42f00000)]
  0x000001a59d9ec680 JavaThread "http-nio-8082-Acceptor" daemon [_thread_in_native, id=14172, stack(0x0000001c42f00000,0x0000001c43000000)]
  0x000001a59c18b2b0 JavaThread "RMI TCP Connection(idle)" daemon [_thread_blocked, id=15276, stack(0x0000001c3f600000,0x0000001c3f700000)]
  0x000001a59c18bcd0 JavaThread "JMX server connection timeout 145" daemon [_thread_blocked, id=11440, stack(0x0000001c40900000,0x0000001c40a00000)]

Other Threads:
  0x000001a596da3890 VMThread "VM Thread" [stack: 0x0000001c3ff00000,0x0000001c40000000] [id=12340]
  0x000001a58838d8b0 WatcherThread [stack: 0x0000001c41000000,0x0000001c41100000] [id=26424]
  0x000001a5883da960 GCTaskThread "GC Thread#0" [stack: 0x0000001c3fa00000,0x0000001c3fb00000] [id=19520]
  0x000001a59c114350 GCTaskThread "GC Thread#1" [stack: 0x0000001c41100000,0x0000001c41200000] [id=8600]
  0x000001a59c132200 GCTaskThread "GC Thread#2" [stack: 0x0000001c41200000,0x0000001c41300000] [id=24368]
  0x000001a59c1763b0 GCTaskThread "GC Thread#3" [stack: 0x0000001c41300000,0x0000001c41400000] [id=18792]
  0x000001a59c176670 GCTaskThread "GC Thread#4" [stack: 0x0000001c41400000,0x0000001c41500000] [id=1832]
  0x000001a59c17e940 GCTaskThread "GC Thread#5" [stack: 0x0000001c41500000,0x0000001c41600000] [id=10088]
  0x000001a59c1800e0 GCTaskThread "GC Thread#6" [stack: 0x0000001c41600000,0x0000001c41700000] [id=19312]
  0x000001a59c1803a0 GCTaskThread "GC Thread#7" [stack: 0x0000001c41700000,0x0000001c41800000] [id=1508]
  0x000001a5883e7ba0 ConcurrentGCThread "G1 Main Marker" [stack: 0x0000001c3fb00000,0x0000001c3fc00000] [id=22008]
  0x000001a5883e84c0 ConcurrentGCThread "G1 Conc#0" [stack: 0x0000001c3fc00000,0x0000001c3fd00000] [id=9092]
  0x000001a59c17f320 ConcurrentGCThread "G1 Conc#1" [stack: 0x0000001c42100000,0x0000001c42200000] [id=13084]
  0x000001a596c220c0 ConcurrentGCThread "G1 Refine#0" [stack: 0x0000001c3fd00000,0x0000001c3fe00000] [id=21436]
  0x000001a59c0cfc60 ConcurrentGCThread "G1 Refine#1" [stack: 0x0000001c41800000,0x0000001c41900000] [id=1812]
  0x000001a59c0cff50 ConcurrentGCThread "G1 Refine#2" [stack: 0x0000001c41900000,0x0000001c41a00000] [id=22964]
  0x000001a596c22a00 ConcurrentGCThread "G1 Service" [stack: 0x0000001c3fe00000,0x0000001c3ff00000] [id=23040]

Threads with active compile tasks:

VM state: not at safepoint (normal execution)

VM Mutex/Monitor currently owned by a thread: None

Heap address: 0x00000000a1e00000, size: 1506 MB, Compressed Oops mode: 32-bit

CDS archive(s) not mapped
Compressed class space mapped at: 0x0000000100000000-0x0000000140000000, reserved size: 1073741824
Narrow klass base: 0x0000000000000000, Narrow klass shift: 3, Narrow klass range: 0x140000000

GC Precious Log:
 CPUs: 8 total, 8 available
 Memory: 6021M
 Large Page Support: Disabled
 NUMA Support: Disabled
 Compressed Oops: Enabled (32-bit)
 Heap Region Size: 1M
 Heap Min Capacity: 8M
 Heap Initial Capacity: 96M
 Heap Max Capacity: 1506M
 Pre-touch: Disabled
 Parallel Workers: 8
 Concurrent Workers: 2
 Concurrent Refinement Workers: 8
 Periodic GC: Disabled

Heap:
 garbage-first heap   total 73728K, used 32566K [0x00000000a1e00000, 0x0000000100000000)
  region size 1024K, 2 young (2048K), 1 survivors (1024K)
 Metaspace       used 75457K, committed 76160K, reserved 1179648K
  class space    used 10307K, committed 10624K, reserved 1048576K

Heap Regions: E=young(eden), S=young(survivor), O=old, HS=humongous(starts), HC=humongous(continues), CS=collection set, F=free, OA=open archive, CA=closed archive, TAMS=top-at-mark-start (previous, next)
|   0|0x00000000a1e00000, 0x00000000a1f00000, 0x00000000a1f00000|100%|HS|  |TAMS 0x00000000a1f00000, 0x00000000a1e00000| Complete 
|   1|0x00000000a1f00000, 0x00000000a2000000, 0x00000000a2000000|100%| O|  |TAMS 0x00000000a2000000, 0x00000000a1f00000| Untracked 
|   2|0x00000000a2000000, 0x00000000a2100000, 0x00000000a2100000|100%| O|  |TAMS 0x00000000a2100000, 0x00000000a2000000| Untracked 
|   3|0x00000000a2100000, 0x00000000a21fffe8, 0x00000000a2200000| 99%| O|  |TAMS 0x00000000a21fffe8, 0x00000000a2100000| Untracked 
|   4|0x00000000a2200000, 0x00000000a22ffff0, 0x00000000a2300000| 99%| O|  |TAMS 0x00000000a22ffff0, 0x00000000a2200000| Untracked 
|   5|0x00000000a2300000, 0x00000000a23ffff8, 0x00000000a2400000| 99%| O|  |TAMS 0x00000000a23ffff8, 0x00000000a2300000| Untracked 
|   6|0x00000000a2400000, 0x00000000a2500000, 0x00000000a2500000|100%| O|  |TAMS 0x00000000a2500000, 0x00000000a2400000| Untracked 
|   7|0x00000000a2500000, 0x00000000a25fffe8, 0x00000000a2600000| 99%| O|  |TAMS 0x00000000a25fffe8, 0x00000000a2500000| Untracked 
|   8|0x00000000a2600000, 0x00000000a26fff50, 0x00000000a2700000| 99%| O|  |TAMS 0x00000000a26fff50, 0x00000000a2600000| Untracked 
|   9|0x00000000a2700000, 0x00000000a2800000, 0x00000000a2800000|100%| O|  |TAMS 0x00000000a2800000, 0x00000000a2700000| Untracked 
|  10|0x00000000a2800000, 0x00000000a2900000, 0x00000000a2900000|100%| O|  |TAMS 0x00000000a2900000, 0x00000000a2800000| Untracked 
|  11|0x00000000a2900000, 0x00000000a2a00000, 0x00000000a2a00000|100%| O|  |TAMS 0x00000000a2a00000, 0x00000000a2900000| Untracked 
|  12|0x00000000a2a00000, 0x00000000a2b00000, 0x00000000a2b00000|100%| O|  |TAMS 0x00000000a2b00000, 0x00000000a2a00000| Untracked 
|  13|0x00000000a2b00000, 0x00000000a2c00000, 0x00000000a2c00000|100%| O|  |TAMS 0x00000000a2c00000, 0x00000000a2b00000| Untracked 
|  14|0x00000000a2c00000, 0x00000000a2d00000, 0x00000000a2d00000|100%| O|  |TAMS 0x00000000a2d00000, 0x00000000a2c00000| Untracked 
|  15|0x00000000a2d00000, 0x00000000a2e00000, 0x00000000a2e00000|100%| O|  |TAMS 0x00000000a2e00000, 0x00000000a2d00000| Complete 
|  16|0x00000000a2e00000, 0x00000000a2effff8, 0x00000000a2f00000| 99%| O|  |TAMS 0x00000000a2effff8, 0x00000000a2e00000| Untracked 
|  17|0x00000000a2f00000, 0x00000000a2f00000, 0x00000000a3000000|  0%| F|  |TAMS 0x00000000a2f00000, 0x00000000a2f00000| Untracked 
|  18|0x00000000a3000000, 0x00000000a3100000, 0x00000000a3100000|100%| O|  |TAMS 0x00000000a3100000, 0x00000000a3000000| Untracked 
|  19|0x00000000a3100000, 0x00000000a3200000, 0x00000000a3200000|100%| O|  |TAMS 0x00000000a3200000, 0x00000000a3100000| Untracked 
|  20|0x00000000a3200000, 0x00000000a32ffff8, 0x00000000a3300000| 99%| O|  |TAMS 0x00000000a32ffff8, 0x00000000a3200000| Untracked 
|  21|0x00000000a3300000, 0x00000000a3342800, 0x00000000a3400000| 25%| O|  |TAMS 0x00000000a3342800, 0x00000000a3300000| Untracked 
|  22|0x00000000a3400000, 0x00000000a3500000, 0x00000000a3500000|100%| O|  |TAMS 0x00000000a3500000, 0x00000000a3400000| Untracked 
|  23|0x00000000a3500000, 0x00000000a35fffd8, 0x00000000a3600000| 99%| O|  |TAMS 0x00000000a35fffd8, 0x00000000a3500000| Untracked 
|  24|0x00000000a3600000, 0x00000000a3700000, 0x00000000a3700000|100%| O|  |TAMS 0x00000000a3700000, 0x00000000a3600000| Untracked 
|  25|0x00000000a3700000, 0x00000000a3800000, 0x00000000a3800000|100%| O|  |TAMS 0x00000000a3800000, 0x00000000a3700000| Untracked 
|  26|0x00000000a3800000, 0x00000000a3800000, 0x00000000a3900000|  0%| F|  |TAMS 0x00000000a3800000, 0x00000000a3800000| Untracked 
|  27|0x00000000a3900000, 0x00000000a3a00000, 0x00000000a3a00000|100%| O|  |TAMS 0x00000000a3a00000, 0x00000000a3900000| Untracked 
|  28|0x00000000a3a00000, 0x00000000a3b00000, 0x00000000a3b00000|100%| O|  |TAMS 0x00000000a3b00000, 0x00000000a3a00000| Untracked 
|  29|0x00000000a3b00000, 0x00000000a3b00000, 0x00000000a3c00000|  0%| F|  |TAMS 0x00000000a3b00000, 0x00000000a3b00000| Untracked 
|  30|0x00000000a3c00000, 0x00000000a3c00000, 0x00000000a3d00000|  0%| F|  |TAMS 0x00000000a3c00000, 0x00000000a3c00000| Untracked 
|  31|0x00000000a3d00000, 0x00000000a3d00000, 0x00000000a3e00000|  0%| F|  |TAMS 0x00000000a3d00000, 0x00000000a3d00000| Untracked 
|  32|0x00000000a3e00000, 0x00000000a3e00000, 0x00000000a3f00000|  0%| F|  |TAMS 0x00000000a3e00000, 0x00000000a3e00000| Untracked 
|  33|0x00000000a3f00000, 0x00000000a3f00000, 0x00000000a4000000|  0%| F|  |TAMS 0x00000000a3f00000, 0x00000000a3f00000| Untracked 
|  34|0x00000000a4000000, 0x00000000a4000000, 0x00000000a4100000|  0%| F|  |TAMS 0x00000000a4000000, 0x00000000a4000000| Untracked 
|  35|0x00000000a4100000, 0x00000000a4100000, 0x00000000a4200000|  0%| F|  |TAMS 0x00000000a4100000, 0x00000000a4100000| Untracked 
|  36|0x00000000a4200000, 0x00000000a428b4d0, 0x00000000a4300000| 54%| S|CS|TAMS 0x00000000a4200000, 0x00000000a4200000| Complete 
|  37|0x00000000a4300000, 0x00000000a4400000, 0x00000000a4400000|100%| O|  |TAMS 0x00000000a4400000, 0x00000000a4300000| Untracked 
|  38|0x00000000a4400000, 0x00000000a4500000, 0x00000000a4500000|100%| O|  |TAMS 0x00000000a4500000, 0x00000000a4400000| Untracked 
|  39|0x00000000a4500000, 0x00000000a4600000, 0x00000000a4600000|100%| O|  |TAMS 0x00000000a4600000, 0x00000000a4500000| Untracked 
|  40|0x00000000a4600000, 0x00000000a4600000, 0x00000000a4700000|  0%| F|  |TAMS 0x00000000a4600000, 0x00000000a4600000| Untracked 
|  41|0x00000000a4700000, 0x00000000a4700000, 0x00000000a4800000|  0%| F|  |TAMS 0x00000000a4700000, 0x00000000a4700000| Untracked 
|  42|0x00000000a4800000, 0x00000000a4900000, 0x00000000a4900000|100%| O|  |TAMS 0x00000000a4900000, 0x00000000a4800000| Untracked 
|  43|0x00000000a4900000, 0x00000000a4a00000, 0x00000000a4a00000|100%| O|  |TAMS 0x00000000a4a00000, 0x00000000a4900000| Untracked 
|  44|0x00000000a4a00000, 0x00000000a4a00000, 0x00000000a4b00000|  0%| F|  |TAMS 0x00000000a4a00000, 0x00000000a4a00000| Untracked 
|  45|0x00000000a4b00000, 0x00000000a4b00000, 0x00000000a4c00000|  0%| F|  |TAMS 0x00000000a4b00000, 0x00000000a4b00000| Untracked 
|  46|0x00000000a4c00000, 0x00000000a4c00000, 0x00000000a4d00000|  0%| F|  |TAMS 0x00000000a4c00000, 0x00000000a4c00000| Untracked 
|  47|0x00000000a4d00000, 0x00000000a4d00000, 0x00000000a4e00000|  0%| F|  |TAMS 0x00000000a4d00000, 0x00000000a4d00000| Untracked 
|  48|0x00000000a4e00000, 0x00000000a4e00000, 0x00000000a4f00000|  0%| F|  |TAMS 0x00000000a4e00000, 0x00000000a4e00000| Untracked 
|  49|0x00000000a4f00000, 0x00000000a4f00000, 0x00000000a5000000|  0%| F|  |TAMS 0x00000000a4f00000, 0x00000000a4f00000| Untracked 
|  50|0x00000000a5000000, 0x00000000a5000000, 0x00000000a5100000|  0%| F|  |TAMS 0x00000000a5000000, 0x00000000a5000000| Untracked 
|  51|0x00000000a5100000, 0x00000000a5100000, 0x00000000a5200000|  0%| F|  |TAMS 0x00000000a5100000, 0x00000000a5100000| Untracked 
|  52|0x00000000a5200000, 0x00000000a5200000, 0x00000000a5300000|  0%| F|  |TAMS 0x00000000a5200000, 0x00000000a5200000| Untracked 
|  53|0x00000000a5300000, 0x00000000a5300000, 0x00000000a5400000|  0%| F|  |TAMS 0x00000000a5300000, 0x00000000a5300000| Untracked 
|  54|0x00000000a5400000, 0x00000000a5400000, 0x00000000a5500000|  0%| F|  |TAMS 0x00000000a5400000, 0x00000000a5400000| Untracked 
|  55|0x00000000a5500000, 0x00000000a5500000, 0x00000000a5600000|  0%| F|  |TAMS 0x00000000a5500000, 0x00000000a5500000| Untracked 
|  56|0x00000000a5600000, 0x00000000a5600000, 0x00000000a5700000|  0%| F|  |TAMS 0x00000000a5600000, 0x00000000a5600000| Untracked 
|  57|0x00000000a5700000, 0x00000000a5700000, 0x00000000a5800000|  0%| F|  |TAMS 0x00000000a5700000, 0x00000000a5700000| Untracked 
|  58|0x00000000a5800000, 0x00000000a5800000, 0x00000000a5900000|  0%| F|  |TAMS 0x00000000a5800000, 0x00000000a5800000| Untracked 
|  59|0x00000000a5900000, 0x00000000a5900000, 0x00000000a5a00000|  0%| F|  |TAMS 0x00000000a5900000, 0x00000000a5900000| Untracked 
|  60|0x00000000a5a00000, 0x00000000a5a00000, 0x00000000a5b00000|  0%| F|  |TAMS 0x00000000a5a00000, 0x00000000a5a00000| Untracked 
|  61|0x00000000a5b00000, 0x00000000a5b00000, 0x00000000a5c00000|  0%| F|  |TAMS 0x00000000a5b00000, 0x00000000a5b00000| Untracked 
|  62|0x00000000a5c00000, 0x00000000a5c00000, 0x00000000a5d00000|  0%| F|  |TAMS 0x00000000a5c00000, 0x00000000a5c00000| Untracked 
|  63|0x00000000a5d00000, 0x00000000a5d00000, 0x00000000a5e00000|  0%| F|  |TAMS 0x00000000a5d00000, 0x00000000a5d00000| Untracked 
|  64|0x00000000a5e00000, 0x00000000a5e00000, 0x00000000a5f00000|  0%| F|  |TAMS 0x00000000a5e00000, 0x00000000a5e00000| Untracked 
|  65|0x00000000a5f00000, 0x00000000a5f00000, 0x00000000a6000000|  0%| F|  |TAMS 0x00000000a5f00000, 0x00000000a5f00000| Untracked 
|  66|0x00000000a6000000, 0x00000000a6000000, 0x00000000a6100000|  0%| F|  |TAMS 0x00000000a6000000, 0x00000000a6000000| Untracked 
|  67|0x00000000a6100000, 0x00000000a6100000, 0x00000000a6200000|  0%| F|  |TAMS 0x00000000a6100000, 0x00000000a6100000| Untracked 
|  68|0x00000000a6200000, 0x00000000a6200000, 0x00000000a6300000|  0%| F|  |TAMS 0x00000000a6200000, 0x00000000a6200000| Untracked 
|  69|0x00000000a6300000, 0x00000000a6300000, 0x00000000a6400000|  0%| F|  |TAMS 0x00000000a6300000, 0x00000000a6300000| Untracked 
|  70|0x00000000a6400000, 0x00000000a6400000, 0x00000000a6500000|  0%| F|  |TAMS 0x00000000a6400000, 0x00000000a6400000| Untracked 
|  95|0x00000000a7d00000, 0x00000000a7d82080, 0x00000000a7e00000| 50%| E|  |TAMS 0x00000000a7d00000, 0x00000000a7d00000| Complete 

Card table byte_map: [0x000001a590de0000,0x000001a5910e0000] _byte_map_base: 0x000001a5908d1000

Marking Bits (Prev, Next): (CMBitMap*) 0x000001a5883daed0, (CMBitMap*) 0x000001a5883dae90
 Prev Bits: [0x000001a592b70000, 0x000001a5942f8000)
 Next Bits: [0x000001a5913e0000, 0x000001a592b68000)

Polling page: 0x000001a58d1e0000

Metaspace:

Usage:
  Non-class:     63.62 MB used.
      Class:     10.07 MB used.
       Both:     73.69 MB used.

Virtual space:
  Non-class space:      128.00 MB reserved,      64.00 MB ( 50%) committed,  2 nodes.
      Class space:        1.00 GB reserved,      10.38 MB (  1%) committed,  1 nodes.
             Both:        1.12 GB reserved,      74.38 MB (  6%) committed. 

Chunk freelists:
   Non-Class:  15.90 MB
       Class:  5.52 MB
        Both:  21.42 MB

MaxMetaspaceSize: unlimited
CompressedClassSpaceSize: 1.00 GB
Initial GC threshold: 21.00 MB
Current GC threshold: 124.00 MB
CDS: off
MetaspaceReclaimPolicy: balanced
 - commit_granule_bytes: 65536.
 - commit_granule_words: 8192.
 - virtual_space_node_default_size: 8388608.
 - enlarge_chunks_in_place: 1.
 - new_chunks_are_fully_committed: 0.
 - uncommit_free_chunks: 1.
 - use_allocation_guard: 0.
 - handle_deallocations: 1.


Internal statistics:

num_allocs_failed_limit: 9.
num_arena_births: 1362.
num_arena_deaths: 384.
num_vsnodes_births: 3.
num_vsnodes_deaths: 0.
num_space_committed: 1191.
num_space_uncommitted: 1.
num_chunks_returned_to_freelist: 542.
num_chunks_taken_from_freelist: 4163.
num_chunk_merges: 150.
num_chunk_splits: 2531.
num_chunks_enlarged: 1708.
num_inconsistent_stats: 0.

CodeCache: size=49152Kb used=16551Kb max_used=16766Kb free=32600Kb
 bounds [0x000001a58d200000, 0x000001a58e260000, 0x000001a590200000]
 total_blobs=10193 nmethods=9549 adapters=569
 compilation: enabled
              stopped_count=0, restarted_count=0
 full_count=0

Compilation events (20 events):
Event: 13831.351 Thread 0x000001a59b037810 9545       1       java.io.ObjectInputStream$BlockDataInputStream::readFully (42 bytes)
Event: 13831.352 Thread 0x000001a59b037810 nmethod 9545 0x000001a58e04cc90 code [0x000001a58e04ce40, 0x000001a58e04d018]
Event: 14071.556 Thread 0x000001a59b037810 9546       1       java.lang.ClassValue$ClassValueMap::findReplacement (177 bytes)
Event: 14071.586 Thread 0x000001a59b037810 nmethod 9546 0x000001a58e04c210 code [0x000001a58e04c3e0, 0x000001a58e04c948]
Event: 14071.586 Thread 0x000001a59b037810 9547       1       java.lang.ClassValue$Version::<init> (22 bytes)
Event: 14071.591 Thread 0x000001a59b037810 nmethod 9547 0x000001a58e04bd10 code [0x000001a58e04bec0, 0x000001a58e04c148]
Event: 14071.591 Thread 0x000001a59b037810 9548       1       java.lang.ClassValue$Entry::<init> (11 bytes)
Event: 14071.592 Thread 0x000001a59b037810 nmethod 9548 0x000001a58e04b910 code [0x000001a58e04baa0, 0x000001a58e04bc98]
Event: 14071.592 Thread 0x000001a59b037810 9549  s    1       java.lang.ClassValue$ClassValueMap::removeEntry (49 bytes)
Event: 14071.599 Thread 0x000001a59b037810 nmethod 9549 0x000001a58e04af90 code [0x000001a58e04b180, 0x000001a58e04b698]
Event: 14131.361 Thread 0x000001a59b037810 9550       1       java.lang.ClassValue::bumpVersion (13 bytes)
Event: 14131.362 Thread 0x000001a59b037810 nmethod 9550 0x000001a58e04a990 code [0x000001a58e04ab40, 0x000001a58e04ae88]
Event: 14131.362 Thread 0x000001a59b037810 9552       1       java.lang.ClassValue$ClassValueMap::removeStaleEntries (96 bytes)
Event: 14131.363 Thread 0x000001a59b037810 nmethod 9552 0x000001a58e04a190 code [0x000001a58e04a340, 0x000001a58e04a6f8]
Event: 14131.363 Thread 0x000001a59b037810 9551       1       java.lang.ClassValue$ClassValueMap::removeStaleEntries (15 bytes)
Event: 14131.363 Thread 0x000001a59b037810 nmethod 9551 0x000001a58e049e10 code [0x000001a58e049fa0, 0x000001a58e04a088]
Event: 14131.452 Thread 0x000001a59b037810 9553       1       jdk.internal.misc.Unsafe::objectFieldOffset (18 bytes)
Event: 14131.454 Thread 0x000001a59b037810 nmethod 9553 0x000001a58e049a10 code [0x000001a58e049bc0, 0x000001a58e049d38]
Event: 14131.465 Thread 0x000001a59b037810 9554       1       java.io.ObjectOutputStream::writeTypeString (40 bytes)
Event: 14131.467 Thread 0x000001a59b037810 nmethod 9554 0x000001a58e049490 code [0x000001a58e049660, 0x000001a58e049868]

GC Heap History (20 events):
Event: 11629.082 GC heap before
{Heap before GC invocations=76 (full 1):
 garbage-first heap   total 73728K, used 63408K [0x00000000a1e00000, 0x0000000100000000)
  region size 1024K, 31 young (31744K), 1 survivors (1024K)
 Metaspace       used 75473K, committed 76160K, reserved 1179648K
  class space    used 10310K, committed 10624K, reserved 1048576K
}
Event: 11629.092 GC heap after
{Heap after GC invocations=77 (full 1):
 garbage-first heap   total 73728K, used 33128K [0x00000000a1e00000, 0x0000000100000000)
  region size 1024K, 1 young (1024K), 1 survivors (1024K)
 Metaspace       used 75473K, committed 76160K, reserved 1179648K
  class space    used 10310K, committed 10624K, reserved 1048576K
}
Event: 11941.503 GC heap before
{Heap before GC invocations=78 (full 1):
 garbage-first heap   total 73728K, used 62824K [0x00000000a1e00000, 0x0000000100000000)
  region size 1024K, 30 young (30720K), 1 survivors (1024K)
 Metaspace       used 75509K, committed 76224K, reserved 1179648K
  class space    used 10316K, committed 10624K, reserved 1048576K
}
Event: 11941.509 GC heap after
{Heap after GC invocations=79 (full 1):
 garbage-first heap   total 73728K, used 33319K [0x00000000a1e00000, 0x0000000100000000)
  region size 1024K, 1 young (1024K), 1 survivors (1024K)
 Metaspace       used 75509K, committed 76224K, reserved 1179648K
  class space    used 10316K, committed 10624K, reserved 1048576K
}
Event: 11964.553 GC heap before
{Heap before GC invocations=79 (full 1):
 garbage-first heap   total 73728K, used 35367K [0x00000000a1e00000, 0x0000000100000000)
  region size 1024K, 3 young (3072K), 1 survivors (1024K)
 Metaspace       used 75509K, committed 76224K, reserved 1179648K
  class space    used 10316K, committed 10624K, reserved 1048576K
}
Event: 11964.562 GC heap after
{Heap after GC invocations=80 (full 1):
 garbage-first heap   total 73728K, used 33047K [0x00000000a1e00000, 0x0000000100000000)
  region size 1024K, 1 young (1024K), 1 survivors (1024K)
 Metaspace       used 75509K, committed 76224K, reserved 1179648K
  class space    used 10316K, committed 10624K, reserved 1048576K
}
Event: 12288.278 GC heap before
{Heap before GC invocations=80 (full 1):
 garbage-first heap   total 73728K, used 61719K [0x00000000a1e00000, 0x0000000100000000)
  region size 1024K, 29 young (29696K), 1 survivors (1024K)
 Metaspace       used 75509K, committed 76224K, reserved 1179648K
  class space    used 10316K, committed 10624K, reserved 1048576K
}
Event: 12288.292 GC heap after
{Heap after GC invocations=81 (full 1):
 garbage-first heap   total 73728K, used 33034K [0x00000000a1e00000, 0x0000000100000000)
  region size 1024K, 1 young (1024K), 1 survivors (1024K)
 Metaspace       used 75509K, committed 76224K, reserved 1179648K
  class space    used 10316K, committed 10624K, reserved 1048576K
}
Event: 13397.450 GC heap before
{Heap before GC invocations=82 (full 1):
 garbage-first heap   total 73728K, used 62730K [0x00000000a1e00000, 0x0000000100000000)
  region size 1024K, 30 young (30720K), 1 survivors (1024K)
 Metaspace       used 75447K, committed 76224K, reserved 1179648K
  class space    used 10306K, committed 10624K, reserved 1048576K
}
Event: 13397.453 GC heap after
{Heap after GC invocations=83 (full 1):
 garbage-first heap   total 73728K, used 33169K [0x00000000a1e00000, 0x0000000100000000)
  region size 1024K, 1 young (1024K), 1 survivors (1024K)
 Metaspace       used 75447K, committed 76224K, reserved 1179648K
  class space    used 10306K, committed 10624K, reserved 1048576K
}
Event: 13408.023 GC heap before
{Heap before GC invocations=83 (full 1):
 garbage-first heap   total 73728K, used 35217K [0x00000000a1e00000, 0x0000000100000000)
  region size 1024K, 3 young (3072K), 1 survivors (1024K)
 Metaspace       used 75447K, committed 76224K, reserved 1179648K
  class space    used 10306K, committed 10624K, reserved 1048576K
}
Event: 13408.030 GC heap after
{Heap after GC invocations=84 (full 1):
 garbage-first heap   total 73728K, used 32691K [0x00000000a1e00000, 0x0000000100000000)
  region size 1024K, 1 young (1024K), 1 survivors (1024K)
 Metaspace       used 75447K, committed 76224K, reserved 1179648K
  class space    used 10306K, committed 10624K, reserved 1048576K
}
Event: 13716.729 GC heap before
{Heap before GC invocations=84 (full 1):
 garbage-first heap   total 73728K, used 62387K [0x00000000a1e00000, 0x0000000100000000)
  region size 1024K, 30 young (30720K), 1 survivors (1024K)
 Metaspace       used 75496K, committed 76224K, reserved 1179648K
  class space    used 10314K, committed 10624K, reserved 1048576K
}
Event: 13716.736 GC heap after
{Heap after GC invocations=85 (full 1):
 garbage-first heap   total 73728K, used 33006K [0x00000000a1e00000, 0x0000000100000000)
  region size 1024K, 1 young (1024K), 1 survivors (1024K)
 Metaspace       used 75496K, committed 76224K, reserved 1179648K
  class space    used 10314K, committed 10624K, reserved 1048576K
}
Event: 14048.966 GC heap before
{Heap before GC invocations=86 (full 1):
 garbage-first heap   total 73728K, used 62702K [0x00000000a1e00000, 0x0000000100000000)
  region size 1024K, 30 young (30720K), 1 survivors (1024K)
 Metaspace       used 75496K, committed 76224K, reserved 1179648K
  class space    used 10314K, committed 10624K, reserved 1048576K
}
Event: 14048.971 GC heap after
{Heap after GC invocations=87 (full 1):
 garbage-first heap   total 73728K, used 32839K [0x00000000a1e00000, 0x0000000100000000)
  region size 1024K, 1 young (1024K), 1 survivors (1024K)
 Metaspace       used 75496K, committed 76224K, reserved 1179648K
  class space    used 10314K, committed 10624K, reserved 1048576K
}
Event: 14071.652 GC heap before
{Heap before GC invocations=87 (full 1):
 garbage-first heap   total 73728K, used 34887K [0x00000000a1e00000, 0x0000000100000000)
  region size 1024K, 3 young (3072K), 1 survivors (1024K)
 Metaspace       used 75496K, committed 76224K, reserved 1179648K
  class space    used 10314K, committed 10624K, reserved 1048576K
}
Event: 14071.671 GC heap after
{Heap after GC invocations=88 (full 1):
 garbage-first heap   total 73728K, used 32591K [0x00000000a1e00000, 0x0000000100000000)
  region size 1024K, 1 young (1024K), 1 survivors (1024K)
 Metaspace       used 75496K, committed 76224K, reserved 1179648K
  class space    used 10314K, committed 10624K, reserved 1048576K
}
Event: 14408.255 GC heap before
{Heap before GC invocations=88 (full 1):
 garbage-first heap   total 73728K, used 62287K [0x00000000a1e00000, 0x0000000100000000)
  region size 1024K, 30 young (30720K), 1 survivors (1024K)
 Metaspace       used 75506K, committed 76224K, reserved 1179648K
  class space    used 10315K, committed 10624K, reserved 1048576K
}
Event: 14408.315 GC heap after
{Heap after GC invocations=89 (full 1):
 garbage-first heap   total 73728K, used 32566K [0x00000000a1e00000, 0x0000000100000000)
  region size 1024K, 1 young (1024K), 1 survivors (1024K)
 Metaspace       used 75506K, committed 76224K, reserved 1179648K
  class space    used 10315K, committed 10624K, reserved 1048576K
}

Dll operation events (9 events):
Event: 0.010 Loaded shared library C:\Users\GORANK\Desktop\sts-4.20.1.RELEASE\plugins\org.eclipse.justj.openjdk.hotspot.jre.full.win32.x86_64_17.0.8.v20230831-1047\jre\bin\java.dll
Event: 0.263 Loaded shared library C:\Users\GORANK\Desktop\sts-4.20.1.RELEASE\plugins\org.eclipse.justj.openjdk.hotspot.jre.full.win32.x86_64_17.0.8.v20230831-1047\jre\bin\jimage.dll
Event: 0.280 Loaded shared library C:\Users\GORANK\Desktop\sts-4.20.1.RELEASE\plugins\org.eclipse.justj.openjdk.hotspot.jre.full.win32.x86_64_17.0.8.v20230831-1047\jre\bin\net.dll
Event: 0.284 Loaded shared library C:\Users\GORANK\Desktop\sts-4.20.1.RELEASE\plugins\org.eclipse.justj.openjdk.hotspot.jre.full.win32.x86_64_17.0.8.v20230831-1047\jre\bin\nio.dll
Event: 0.290 Loaded shared library C:\Users\GORANK\Desktop\sts-4.20.1.RELEASE\plugins\org.eclipse.justj.openjdk.hotspot.jre.full.win32.x86_64_17.0.8.v20230831-1047\jre\bin\zip.dll
Event: 0.388 Loaded shared library C:\Users\GORANK\Desktop\sts-4.20.1.RELEASE\plugins\org.eclipse.justj.openjdk.hotspot.jre.full.win32.x86_64_17.0.8.v20230831-1047\jre\bin\management.dll
Event: 0.405 Loaded shared library C:\Users\GORANK\Desktop\sts-4.20.1.RELEASE\plugins\org.eclipse.justj.openjdk.hotspot.jre.full.win32.x86_64_17.0.8.v20230831-1047\jre\bin\management_ext.dll
Event: 0.721 Loaded shared library C:\Users\GORANK\Desktop\sts-4.20.1.RELEASE\plugins\org.eclipse.justj.openjdk.hotspot.jre.full.win32.x86_64_17.0.8.v20230831-1047\jre\bin\verify.dll
Event: 2.974 Loaded shared library C:\Users\GORANK\Desktop\sts-4.20.1.RELEASE\plugins\org.eclipse.justj.openjdk.hotspot.jre.full.win32.x86_64_17.0.8.v20230831-1047\jre\bin\sunmscapi.dll

Deoptimization events (10 events):
Event: 1.467 Thread 0x000001a59c182860 DEOPT PACKING pc=0x000001a58d7c4f99 sp=0x0000001c41bfcbd0
Event: 1.467 Thread 0x000001a59c182860 DEOPT UNPACKING pc=0x000001a58d257143 sp=0x0000001c41bfc0b0 mode 3
Event: 2.344 Thread 0x000001a59c182860 DEOPT PACKING pc=0x000001a58d7cc794 sp=0x0000001c41bfd0a0
Event: 2.344 Thread 0x000001a59c182860 DEOPT UNPACKING pc=0x000001a58d257143 sp=0x0000001c41bfc5f8 mode 0
Event: 2.942 Thread 0x000001a59c182860 DEOPT PACKING pc=0x000001a58daa427d sp=0x0000001c41bfcce0
Event: 2.942 Thread 0x000001a59c182860 DEOPT UNPACKING pc=0x000001a58d257143 sp=0x0000001c41bfc248 mode 3
Event: 5.001 Thread 0x000001a59c182860 DEOPT PACKING pc=0x000001a58d7b3552 sp=0x0000001c41bfc470
Event: 5.001 Thread 0x000001a59c182860 DEOPT UNPACKING pc=0x000001a58d257143 sp=0x0000001c41bfb978 mode 3
Event: 5.202 Thread 0x000001a59c182860 DEOPT PACKING pc=0x000001a58dcafb99 sp=0x0000001c41bfafd0
Event: 5.202 Thread 0x000001a59c182860 DEOPT UNPACKING pc=0x000001a58d257143 sp=0x0000001c41bfa4b0 mode 3

Classes unloaded (20 events):
Event: 12288.352 Thread 0x000001a596da3890 Unloading class 0x0000000100400000 'jdk/internal/reflect/GeneratedSerializationConstructorAccessor83'
Event: 12288.352 Thread 0x000001a596da3890 Unloading class 0x00000001003e0400 'jdk/internal/reflect/GeneratedSerializationConstructorAccessor82'
Event: 12288.352 Thread 0x000001a596da3890 Unloading class 0x00000001002a4c00 'jdk/internal/reflect/GeneratedSerializationConstructorAccessor81'
Event: 12288.352 Thread 0x000001a596da3890 Unloading class 0x0000000100a50000 'jdk/internal/reflect/GeneratedSerializationConstructorAccessor80'
Event: 12288.352 Thread 0x000001a596da3890 Unloading class 0x0000000100a51400 'jdk/internal/reflect/GeneratedSerializationConstructorAccessor79'
Event: 14408.532 Thread 0x000001a596da3890 Unloading class 0x0000000100a64400 'jdk/internal/reflect/GeneratedSerializationConstructorAccessor116'
Event: 14408.533 Thread 0x000001a596da3890 Unloading class 0x0000000100a64800 'jdk/internal/reflect/GeneratedSerializationConstructorAccessor115'
Event: 14408.533 Thread 0x000001a596da3890 Unloading class 0x0000000100a69000 'jdk/internal/reflect/GeneratedSerializationConstructorAccessor114'
Event: 14408.534 Thread 0x000001a596da3890 Unloading class 0x0000000100a6c000 'jdk/internal/reflect/GeneratedSerializationConstructorAccessor113'
Event: 14408.534 Thread 0x000001a596da3890 Unloading class 0x0000000100a7d800 'jdk/internal/reflect/GeneratedSerializationConstructorAccessor112'
Event: 14408.534 Thread 0x000001a596da3890 Unloading class 0x0000000100a7d400 'jdk/internal/reflect/GeneratedSerializationConstructorAccessor111'
Event: 14408.534 Thread 0x000001a596da3890 Unloading class 0x0000000100a7d000 'jdk/internal/reflect/GeneratedSerializationConstructorAccessor110'
Event: 14408.534 Thread 0x000001a596da3890 Unloading class 0x0000000100a7cc00 'jdk/internal/reflect/GeneratedSerializationConstructorAccessor109'
Event: 14408.534 Thread 0x000001a596da3890 Unloading class 0x0000000100a7c800 'jdk/internal/reflect/GeneratedSerializationConstructorAccessor108'
Event: 14408.534 Thread 0x000001a596da3890 Unloading class 0x0000000100a7c400 'jdk/internal/reflect/GeneratedSerializationConstructorAccessor107'
Event: 14408.534 Thread 0x000001a596da3890 Unloading class 0x0000000100a7c000 'jdk/internal/reflect/GeneratedSerializationConstructorAccessor106'
Event: 14408.534 Thread 0x000001a596da3890 Unloading class 0x0000000100a67c00 'jdk/internal/reflect/GeneratedSerializationConstructorAccessor105'
Event: 14408.534 Thread 0x000001a596da3890 Unloading class 0x0000000100a67800 'jdk/internal/reflect/GeneratedSerializationConstructorAccessor104'
Event: 14408.534 Thread 0x000001a596da3890 Unloading class 0x0000000100a67400 'jdk/internal/reflect/GeneratedSerializationConstructorAccessor103'
Event: 14408.534 Thread 0x000001a596da3890 Unloading class 0x0000000100a67000 'jdk/internal/reflect/GeneratedSerializationConstructorAccessor102'

Classes redefined (0 events):
No events

Internal exceptions (20 events):
Event: 3019.607 Thread 0x000001a59d9ee4e0 Exception <a 'java/lang/NoSuchMethodError'{0x00000000a55b97d0}: static [B.<clinit>()V> (0x00000000a55b97d0) 
thrown [s\src\hotspot\share\prims\jni.cpp, line 1107]
Event: 3319.649 Thread 0x000001a59d9ee4e0 Exception <a 'java/lang/NoSuchMethodError'{0x00000000a52feac8}: static [B.<clinit>()V> (0x00000000a52feac8) 
thrown [s\src\hotspot\share\prims\jni.cpp, line 1107]
Event: 3919.739 Thread 0x000001a59d9ee4e0 Exception <a 'java/lang/NoSuchMethodError'{0x00000000a539b8a0}: static [B.<clinit>()V> (0x00000000a539b8a0) 
thrown [s\src\hotspot\share\prims\jni.cpp, line 1107]
Event: 4819.686 Thread 0x000001a59d9ee4e0 Exception <a 'java/lang/NoSuchMethodError'{0x00000000a541b100}: static [B.<clinit>()V> (0x00000000a541b100) 
thrown [s\src\hotspot\share\prims\jni.cpp, line 1107]
Event: 5119.681 Thread 0x000001a59d9ee4e0 Exception <a 'java/lang/NoSuchMethodError'{0x00000000a579baa0}: static [B.<clinit>()V> (0x00000000a579baa0) 
thrown [s\src\hotspot\share\prims\jni.cpp, line 1107]
Event: 7847.225 Thread 0x000001a59d9ee4e0 Exception <a 'java/lang/NoSuchMethodError'{0x00000000a58d21d0}: static [Ljava/lang/StackTraceElement;.<clinit>()V> (0x00000000a58d21d0) 
thrown [s\src\hotspot\share\prims\jni.cpp, line 1107]
Event: 7847.980 Thread 0x000001a59c18c1e0 Exception <a 'java/lang/NoSuchMethodError'{0x00000000a573b938}: static [Ljava/lang/Integer;.<clinit>()V> (0x00000000a573b938) 
thrown [s\src\hotspot\share\prims\jni.cpp, line 1107]
Event: 8447.943 Thread 0x000001a59c18c1e0 Exception <a 'java/lang/NoSuchMethodError'{0x00000000a5d99d10}: static [B.<clinit>()V> (0x00000000a5d99d10) 
thrown [s\src\hotspot\share\prims\jni.cpp, line 1107]
Event: 9723.934 Thread 0x000001a59c18c1e0 Exception <a 'java/lang/NoSuchMethodError'{0x00000000a5dc2850}: static [Ljava/lang/StackTraceElement;.<clinit>()V> (0x00000000a5dc2850) 
thrown [s\src\hotspot\share\prims\jni.cpp, line 1107]
Event: 9724.302 Thread 0x000001a59c18c6f0 Exception <a 'java/lang/NoSuchMethodError'{0x00000000a5c0ea68}: static [Ljava/lang/Integer;.<clinit>()V> (0x00000000a5c0ea68) 
thrown [s\src\hotspot\share\prims\jni.cpp, line 1107]
Event: 10024.294 Thread 0x000001a59c18c6f0 Exception <a 'java/lang/NoSuchMethodError'{0x00000000a5f19d78}: static [B.<clinit>()V> (0x00000000a5f19d78) 
thrown [s\src\hotspot\share\prims\jni.cpp, line 1107]
Event: 10324.296 Thread 0x000001a59c18c6f0 Exception <a 'java/lang/NoSuchMethodError'{0x00000000a621d988}: static [B.<clinit>()V> (0x00000000a621d988) 
thrown [s\src\hotspot\share\prims\jni.cpp, line 1107]
Event: 11224.312 Thread 0x000001a59c18c6f0 Exception <a 'java/lang/NoSuchMethodError'{0x00000000a4f1bee0}: static [B.<clinit>()V> (0x00000000a4f1bee0) 
thrown [s\src\hotspot\share\prims\jni.cpp, line 1107]
Event: 11851.058 Thread 0x000001a59c18c6f0 Exception <a 'java/lang/NoSuchMethodError'{0x00000000a51c0368}: static [Ljava/lang/StackTraceElement;.<clinit>()V> (0x00000000a51c0368) 
thrown [s\src\hotspot\share\prims\jni.cpp, line 1107]
Event: 11851.265 Thread 0x000001a59c18bcd0 Exception <a 'java/lang/NoSuchMethodError'{0x00000000a500d070}: static [Ljava/lang/Integer;.<clinit>()V> (0x00000000a500d070) 
thrown [s\src\hotspot\share\prims\jni.cpp, line 1107]
Event: 12451.313 Thread 0x000001a59c18c6f0 Exception <a 'java/lang/NoSuchMethodError'{0x00000000a579be68}: static [B.<clinit>()V> (0x00000000a579be68) 
thrown [s\src\hotspot\share\prims\jni.cpp, line 1107]
Event: 13531.007 Thread 0x000001a59c18c6f0 Exception <a 'java/lang/NoSuchMethodError'{0x00000000a58ad0b0}: static [B.<clinit>()V> (0x00000000a58ad0b0) 
thrown [s\src\hotspot\share\prims\jni.cpp, line 1107]
Event: 13531.297 Thread 0x000001a59c18c6f0 Exception <a 'java/lang/NoSuchMethodError'{0x00000000a58d73c8}: static [Ljava/lang/StackTraceElement;.<clinit>()V> (0x00000000a58d73c8) 
thrown [s\src\hotspot\share\prims\jni.cpp, line 1107]
Event: 13531.342 Thread 0x000001a59c18b2b0 Exception <a 'java/lang/NoSuchMethodError'{0x00000000a572c040}: static [Ljava/lang/Integer;.<clinit>()V> (0x00000000a572c040) 
thrown [s\src\hotspot\share\prims\jni.cpp, line 1107]
Event: 14131.466 Thread 0x000001a59c18b2b0 Exception <a 'java/lang/NoSuchMethodError'{0x00000000a5f996e0}: static [B.<clinit>()V> (0x00000000a5f996e0) 
thrown [s\src\hotspot\share\prims\jni.cpp, line 1107]

VM Operations (20 events):
Event: 13532.150 Executing VM operation: Cleanup
Event: 13532.150 Executing VM operation: Cleanup done
Event: 13567.418 Executing VM operation: HandshakeAllThreads
Event: 13567.418 Executing VM operation: HandshakeAllThreads done
Event: 13716.728 Executing VM operation: G1CollectForAllocation
Event: 13716.736 Executing VM operation: G1CollectForAllocation done
Event: 13716.793 Executing VM operation: G1PauseRemark
Event: 13716.799 Executing VM operation: G1PauseRemark done
Event: 13716.818 Executing VM operation: G1PauseCleanup
Event: 13716.818 Executing VM operation: G1PauseCleanup done
Event: 14048.966 Executing VM operation: G1CollectForAllocation
Event: 14048.971 Executing VM operation: G1CollectForAllocation done
Event: 14071.652 Executing VM operation: G1CollectForAllocation
Event: 14071.671 Executing VM operation: G1CollectForAllocation done
Event: 14408.253 Executing VM operation: G1CollectForAllocation
Event: 14408.315 Executing VM operation: G1CollectForAllocation done
Event: 14408.529 Executing VM operation: G1PauseRemark
Event: 14408.902 Executing VM operation: G1PauseRemark done
Event: 14408.930 Executing VM operation: G1PauseCleanup
Event: 14409.186 Executing VM operation: G1PauseCleanup done

Events (20 events):
Event: 11851.242 Thread 0x000001a59c18b2b0 Thread added: 0x000001a59c18b2b0
Event: 11940.457 Thread 0x000001a59c18bcd0 Thread exited: 0x000001a59c18bcd0
Event: 13397.154 Thread 0x000001a59c18bcd0 Thread added: 0x000001a59c18bcd0
Event: 13397.154 Thread 0x000001a59c18c1e0 Thread added: 0x000001a59c18c1e0
Event: 13403.438 Thread 0x000001a59c18bcd0 Thread exited: 0x000001a59c18bcd0
Event: 13403.830 Thread 0x000001a59c18c1e0 Thread exited: 0x000001a59c18c1e0
Event: 13406.778 Thread 0x000001a59c18bcd0 Thread added: 0x000001a59c18bcd0
Event: 13406.778 Thread 0x000001a59c18ada0 Thread added: 0x000001a59c18ada0
Event: 13414.090 Thread 0x000001a59c18bcd0 Thread exited: 0x000001a59c18bcd0
Event: 13414.310 Thread 0x000001a59c18ada0 Thread exited: 0x000001a59c18ada0
Event: 13420.280 Thread 0x000001a59c18c1e0 Thread added: 0x000001a59c18c1e0
Event: 13420.280 Thread 0x000001a59c18bcd0 Thread added: 0x000001a59c18bcd0
Event: 13429.103 Thread 0x000001a59c18c1e0 Thread exited: 0x000001a59c18c1e0
Event: 13429.212 Thread 0x000001a59c18bcd0 Thread exited: 0x000001a59c18bcd0
Event: 13530.159 Thread 0x000001a59c18bcd0 Thread added: 0x000001a59c18bcd0
Event: 13530.160 Thread 0x000001a59c18b2b0 Thread exited: 0x000001a59c18b2b0
Event: 13530.160 Thread 0x000001a59c18bcd0 Thread exited: 0x000001a59c18bcd0
Event: 13531.333 Thread 0x000001a59c18b2b0 Thread added: 0x000001a59c18b2b0
Event: 13531.335 Thread 0x000001a59c18bcd0 Thread added: 0x000001a59c18bcd0
Event: 13606.346 Thread 0x000001a59c18c6f0 Thread exited: 0x000001a59c18c6f0


Dynamic libraries:
0x00007ff7bae00000 - 0x00007ff7bae0e000 	C:\Users\GORANK\Desktop\sts-4.20.1.RELEASE\plugins\org.eclipse.justj.openjdk.hotspot.jre.full.win32.x86_64_17.0.8.v20230831-1047\jre\bin\javaw.exe
0x00007ffae7010000 - 0x00007ffae7227000 	C:\WINDOWS\SYSTEM32\ntdll.dll
0x00007ffae6170000 - 0x00007ffae6234000 	C:\WINDOWS\System32\KERNEL32.DLL
0x00007ffae4840000 - 0x00007ffae4be6000 	C:\WINDOWS\System32\KERNELBASE.dll
0x00007ffae4600000 - 0x00007ffae4711000 	C:\WINDOWS\System32\ucrtbase.dll
0x00007ffacc100000 - 0x00007ffacc119000 	C:\Users\GORANK\Desktop\sts-4.20.1.RELEASE\plugins\org.eclipse.justj.openjdk.hotspot.jre.full.win32.x86_64_17.0.8.v20230831-1047\jre\bin\VCRUNTIME140.dll
0x00007ffadd250000 - 0x00007ffadd267000 	C:\Users\GORANK\Desktop\sts-4.20.1.RELEASE\plugins\org.eclipse.justj.openjdk.hotspot.jre.full.win32.x86_64_17.0.8.v20230831-1047\jre\bin\jli.dll
0x00007ffae5fc0000 - 0x00007ffae616e000 	C:\WINDOWS\System32\USER32.dll
0x00007ffae4c20000 - 0x00007ffae4c46000 	C:\WINDOWS\System32\win32u.dll
0x00007ffae3640000 - 0x00007ffae38d3000 	C:\WINDOWS\WinSxS\amd64_microsoft.windows.common-controls_6595b64144ccf1df_6.0.22621.2506_none_270c5ae97388e100\COMCTL32.dll
0x00007ffae6a70000 - 0x00007ffae6a99000 	C:\WINDOWS\System32\GDI32.dll
0x00007ffae4720000 - 0x00007ffae4838000 	C:\WINDOWS\System32\gdi32full.dll
0x00007ffae50f0000 - 0x00007ffae5197000 	C:\WINDOWS\System32\msvcrt.dll
0x00007ffae4cc0000 - 0x00007ffae4d5a000 	C:\WINDOWS\System32\msvcp_win.dll
0x00007ffae6440000 - 0x00007ffae6471000 	C:\WINDOWS\System32\IMM32.DLL
0x00007ffada110000 - 0x00007ffada11c000 	C:\Users\GORANK\Desktop\sts-4.20.1.RELEASE\plugins\org.eclipse.justj.openjdk.hotspot.jre.full.win32.x86_64_17.0.8.v20230831-1047\jre\bin\vcruntime140_1.dll
0x00007ffabc060000 - 0x00007ffabc0f1000 	C:\Users\GORANK\Desktop\sts-4.20.1.RELEASE\plugins\org.eclipse.justj.openjdk.hotspot.jre.full.win32.x86_64_17.0.8.v20230831-1047\jre\bin\msvcp140.dll
0x00007ffa3ca80000 - 0x00007ffa3d6cc000 	C:\Users\GORANK\Desktop\sts-4.20.1.RELEASE\plugins\org.eclipse.justj.openjdk.hotspot.jre.full.win32.x86_64_17.0.8.v20230831-1047\jre\bin\server\jvm.dll
0x00007ffae6500000 - 0x00007ffae65b3000 	C:\WINDOWS\System32\ADVAPI32.dll
0x00007ffae6aa0000 - 0x00007ffae6b48000 	C:\WINDOWS\System32\sechost.dll
0x00007ffae4bf0000 - 0x00007ffae4c18000 	C:\WINDOWS\System32\bcrypt.dll
0x00007ffae5320000 - 0x00007ffae5437000 	C:\WINDOWS\System32\RPCRT4.dll
0x00007ffad7d70000 - 0x00007ffad7d79000 	C:\WINDOWS\SYSTEM32\WSOCK32.dll
0x00007ffae4220000 - 0x00007ffae426d000 	C:\WINDOWS\SYSTEM32\POWRPROF.dll
0x00007ffada330000 - 0x00007ffada33a000 	C:\WINDOWS\SYSTEM32\VERSION.dll
0x00007ffadb470000 - 0x00007ffadb4a4000 	C:\WINDOWS\SYSTEM32\WINMM.dll
0x00007ffae6480000 - 0x00007ffae64f1000 	C:\WINDOWS\System32\WS2_32.dll
0x00007ffae4200000 - 0x00007ffae4213000 	C:\WINDOWS\SYSTEM32\UMPDC.dll
0x00007ffae3280000 - 0x00007ffae3298000 	C:\WINDOWS\SYSTEM32\kernel.appcore.dll
0x00007ffade900000 - 0x00007ffade90a000 	C:\Users\GORANK\Desktop\sts-4.20.1.RELEASE\plugins\org.eclipse.justj.openjdk.hotspot.jre.full.win32.x86_64_17.0.8.v20230831-1047\jre\bin\jimage.dll
0x00007ffae3bd0000 - 0x00007ffae3e03000 	C:\WINDOWS\SYSTEM32\DBGHELP.DLL
0x00007ffae4d60000 - 0x00007ffae50e9000 	C:\WINDOWS\System32\combase.dll
0x00007ffae5240000 - 0x00007ffae5317000 	C:\WINDOWS\System32\OLEAUT32.dll
0x00007ffae3ac0000 - 0x00007ffae3af2000 	C:\WINDOWS\SYSTEM32\dbgcore.DLL
0x00007ffae4410000 - 0x00007ffae448a000 	C:\WINDOWS\System32\bcryptPrimitives.dll
0x00007ffadd220000 - 0x00007ffadd245000 	C:\Users\GORANK\Desktop\sts-4.20.1.RELEASE\plugins\org.eclipse.justj.openjdk.hotspot.jre.full.win32.x86_64_17.0.8.v20230831-1047\jre\bin\java.dll
0x00007ffada120000 - 0x00007ffada138000 	C:\Users\GORANK\Desktop\sts-4.20.1.RELEASE\plugins\org.eclipse.justj.openjdk.hotspot.jre.full.win32.x86_64_17.0.8.v20230831-1047\jre\bin\zip.dll
0x00007ffae5630000 - 0x00007ffae5e8b000 	C:\WINDOWS\System32\SHELL32.dll
0x00007ffae14d0000 - 0x00007ffae1dc6000 	C:\WINDOWS\SYSTEM32\windows.storage.dll
0x00007ffae1390000 - 0x00007ffae14ce000 	C:\WINDOWS\SYSTEM32\wintypes.dll
0x00007ffae6620000 - 0x00007ffae6713000 	C:\WINDOWS\System32\SHCORE.dll
0x00007ffae6840000 - 0x00007ffae689e000 	C:\WINDOWS\System32\shlwapi.dll
0x00007ffae4280000 - 0x00007ffae42a6000 	C:\WINDOWS\SYSTEM32\profapi.dll
0x00007ffad6dd0000 - 0x00007ffad6de9000 	C:\Users\GORANK\Desktop\sts-4.20.1.RELEASE\plugins\org.eclipse.justj.openjdk.hotspot.jre.full.win32.x86_64_17.0.8.v20230831-1047\jre\bin\net.dll
0x00007ffadbd40000 - 0x00007ffadbe77000 	C:\WINDOWS\SYSTEM32\WINHTTP.dll
0x00007ffae30b0000 - 0x00007ffae3119000 	C:\WINDOWS\system32\mswsock.dll
0x00007ffad6db0000 - 0x00007ffad6dc5000 	C:\Users\GORANK\Desktop\sts-4.20.1.RELEASE\plugins\org.eclipse.justj.openjdk.hotspot.jre.full.win32.x86_64_17.0.8.v20230831-1047\jre\bin\nio.dll
0x00007ffacc0d0000 - 0x00007ffacc0d9000 	C:\Users\GORANK\Desktop\sts-4.20.1.RELEASE\plugins\org.eclipse.justj.openjdk.hotspot.jre.full.win32.x86_64_17.0.8.v20230831-1047\jre\bin\management.dll
0x00007ffac7e50000 - 0x00007ffac7e5b000 	C:\Users\GORANK\Desktop\sts-4.20.1.RELEASE\plugins\org.eclipse.justj.openjdk.hotspot.jre.full.win32.x86_64_17.0.8.v20230831-1047\jre\bin\management_ext.dll
0x00007ffae51a0000 - 0x00007ffae51a8000 	C:\WINDOWS\System32\PSAPI.DLL
0x00007ffac0670000 - 0x00007ffac0687000 	C:\WINDOWS\system32\napinsp.dll
0x00007ffac0650000 - 0x00007ffac066b000 	C:\WINDOWS\system32\pnrpnsp.dll
0x00007ffae20a0000 - 0x00007ffae2199000 	C:\WINDOWS\SYSTEM32\DNSAPI.dll
0x00007ffae2030000 - 0x00007ffae205d000 	C:\WINDOWS\SYSTEM32\IPHLPAPI.DLL
0x00007ffae63e0000 - 0x00007ffae63e9000 	C:\WINDOWS\System32\NSI.dll
0x00007ffac0630000 - 0x00007ffac0641000 	C:\WINDOWS\System32\winrnr.dll
0x00007ffadab40000 - 0x00007ffadab55000 	C:\WINDOWS\system32\wshbth.dll
0x00007ffac0600000 - 0x00007ffac0621000 	C:\WINDOWS\system32\nlansp_c.dll
0x00007ffad8410000 - 0x00007ffad841a000 	C:\Windows\System32\rasadhlp.dll
0x00007ffad9fb0000 - 0x00007ffada033000 	C:\WINDOWS\System32\fwpuclnt.dll
0x00007ffae3e20000 - 0x00007ffae3e3b000 	C:\WINDOWS\SYSTEM32\CRYPTSP.dll
0x00007ffae2510000 - 0x00007ffae2545000 	C:\WINDOWS\system32\rsaenh.dll
0x00007ffae3340000 - 0x00007ffae336c000 	C:\WINDOWS\SYSTEM32\USERENV.dll
0x00007ffae3370000 - 0x00007ffae337c000 	C:\WINDOWS\SYSTEM32\CRYPTBASE.dll
0x00007ffadbee0000 - 0x00007ffadbef9000 	C:\WINDOWS\SYSTEM32\dhcpcsvc6.DLL
0x00007ffadbb30000 - 0x00007ffadbb4f000 	C:\WINDOWS\SYSTEM32\dhcpcsvc.DLL
0x00007ffadd400000 - 0x00007ffadd410000 	C:\Users\GORANK\Desktop\sts-4.20.1.RELEASE\plugins\org.eclipse.justj.openjdk.hotspot.jre.full.win32.x86_64_17.0.8.v20230831-1047\jre\bin\verify.dll
0x00007ffadd3b0000 - 0x00007ffadd3be000 	C:\Users\GORANK\Desktop\sts-4.20.1.RELEASE\plugins\org.eclipse.justj.openjdk.hotspot.jre.full.win32.x86_64_17.0.8.v20230831-1047\jre\bin\sunmscapi.dll
0x00007ffae4490000 - 0x00007ffae45f6000 	C:\WINDOWS\System32\CRYPT32.dll
0x00007ffae3520000 - 0x00007ffae354e000 	C:\WINDOWS\SYSTEM32\ncrypt.dll
0x00007ffae34e0000 - 0x00007ffae3517000 	C:\WINDOWS\SYSTEM32\NTASN1.dll
0x00007ffacedd0000 - 0x00007ffacedd8000 	C:\WINDOWS\system32\wshunix.dll

dbghelp: loaded successfully - version: 4.0.5 - missing functions: none
symbol engine: initialized successfully - sym options: 0x614 - pdb path: .;C:\Users\GORANK\Desktop\sts-4.20.1.RELEASE\plugins\org.eclipse.justj.openjdk.hotspot.jre.full.win32.x86_64_17.0.8.v20230831-1047\jre\bin;C:\WINDOWS\SYSTEM32;C:\WINDOWS\WinSxS\amd64_microsoft.windows.common-controls_6595b64144ccf1df_6.0.22621.2506_none_270c5ae97388e100;C:\Users\GORANK\Desktop\sts-4.20.1.RELEASE\plugins\org.eclipse.justj.openjdk.hotspot.jre.full.win32.x86_64_17.0.8.v20230831-1047\jre\bin\server

VM Arguments:
jvm_args: -Dcom.sun.management.jmxremote -Dcom.sun.management.jmxremote.port=61295 -Dcom.sun.management.jmxremote.authenticate=false -Dcom.sun.management.jmxremote.ssl=false -Djava.rmi.server.hostname=localhost -Dspring.jmx.enabled=true -Dmanagement.endpoints.jmx.exposure.include=* -Dspring.application.admin.enabled=true -XX:TieredStopAtLevel=1 -Dspring.boot.project.name=ecommerce -Dfile.encoding=UTF-8 -Dstdout.encoding=UTF-8 -Dstderr.encoding=UTF-8 -XX:+ShowCodeDetailsInExceptionMessages 
java_command: com.sellerapp.EcommerceApplication --spring.output.ansi.enabled=always
java_class_path (initial): D:\DATA\1002024SELLERAPP\Ecommerce\target\classes;C:\Users\GORANK\.m2\repository\org\springframework\boot\spring-boot-starter-data-jpa\2.7.2\spring-boot-starter-data-jpa-2.7.2.jar;C:\Users\GORANK\.m2\repository\org\springframework\boot\spring-boot-starter-aop\2.7.2\spring-boot-starter-aop-2.7.2.jar;C:\Users\GORANK\.m2\repository\org\aspectj\aspectjweaver\1.9.7\aspectjweaver-1.9.7.jar;C:\Users\GORANK\.m2\repository\org\springframework\boot\spring-boot-starter-jdbc\2.7.2\spring-boot-starter-jdbc-2.7.2.jar;C:\Users\GORANK\.m2\repository\com\zaxxer\HikariCP\4.0.3\HikariCP-4.0.3.jar;C:\Users\GORANK\.m2\repository\org\springframework\spring-jdbc\5.3.22\spring-jdbc-5.3.22.jar;C:\Users\GORANK\.m2\repository\jakarta\transaction\jakarta.transaction-api\1.3.3\jakarta.transaction-api-1.3.3.jar;C:\Users\GORANK\.m2\repository\jakarta\persistence\jakarta.persistence-api\2.2.3\jakarta.persistence-api-2.2.3.jar;C:\Users\GORANK\.m2\repository\org\hibernate\hibernate-core\5.6.10.Final\hibernate-core-5.6.10.Final.jar;C:\Users\GORANK\.m2\repository\org\jboss\logging\jboss-logging\3.4.3.Final\jboss-logging-3.4.3.Final.jar;C:\Users\GORANK\.m2\repository\net\bytebuddy\byte-buddy\1.12.12\byte-buddy-1.12.12.jar;C:\Users\GORANK\.m2\repository\antlr\antlr\2.7.7\antlr-2.7.7.jar;C:\Users\GORANK\.m2\repository\org\jboss\jandex\2.4.2.Final\jandex-2.4.2.Final.jar;C:\Users\GORANK\.m2\repository\com\fasterxml\classmate\1.5.1\classmate-1.5.1.jar;C:\Users\GORANK\.m2\repository\org\hibernate\common\hibernate-commons-annotations\5.1.2.Final\hibernate-commons-annotations-5.1.2.Final.jar;C:\Users\GORANK\.m2\repository\org\glassfish\jaxb\jaxb-runtime\2.3.6\jaxb-runtime-2.3.6.jar;C:\Users\GORANK\.m2\repository\org\glassfish\jaxb\txw2\2.3.6\txw2-2.3.6.jar;C:\Users\GORANK\.m2\repository\com\sun\istack\istack-commons-runtime\3.0.12\istack-commons-runtime-3.0.12.jar;C:\Users\GORANK\.m2\repository\org\springframework\data\spring-data-jpa\2.7.2\spring-data-jpa-2.7.2.jar;C:\Users\GORANK
Launcher Type: SUN_STANDARD

[Global flags]
     intx CICompilerCount                          = 4                                         {product} {ergonomic}
     uint ConcGCThreads                            = 2                                         {product} {ergonomic}
     uint G1ConcRefinementThreads                  = 8                                         {product} {ergonomic}
   size_t G1HeapRegionSize                         = 1048576                                   {product} {ergonomic}
    uintx GCDrainStackTargetSize                   = 64                                        {product} {ergonomic}
   size_t InitialHeapSize                          = 100663296                                 {product} {ergonomic}
     bool ManagementServer                         = true                                      {product} {command line}
   size_t MarkStackSize                            = 4194304                                   {product} {ergonomic}
   size_t MaxHeapSize                              = 1579155456                                {product} {ergonomic}
   size_t MaxNewSize                               = 946864128                                 {product} {ergonomic}
   size_t MinHeapDeltaBytes                        = 1048576                                   {product} {ergonomic}
   size_t MinHeapSize                              = 8388608                                   {product} {ergonomic}
    uintx NonProfiledCodeHeapSize                  = 0                                      {pd product} {ergonomic}
     bool ProfileInterpreter                       = false                                  {pd product} {command line}
    uintx ProfiledCodeHeapSize                     = 0                                      {pd product} {ergonomic}
     bool ShowCodeDetailsInExceptionMessages       = true                                   {manageable} {command line}
   size_t SoftMaxHeapSize                          = 1579155456                             {manageable} {ergonomic}
     intx TieredStopAtLevel                        = 1                                         {product} {command line}
     bool UseCompressedClassPointers               = true                           {product lp64_product} {ergonomic}
     bool UseCompressedOops                        = true                           {product lp64_product} {ergonomic}
     bool UseG1GC                                  = true                                      {product} {ergonomic}
     bool UseLargePagesIndividualAllocation        = false                                  {pd product} {ergonomic}

Logging:
Log output configuration:
 #0: stdout all=warning uptime,level,tags
 #1: stderr all=off uptime,level,tags

Environment Variables:
JAVA_HOME=C:\Program Files\Java\jdk-17\bin
PATH=C:/Users/GORANK/Desktop/sts-4.20.1.RELEASE//plugins/org.eclipse.justj.openjdk.hotspot.jre.full.win32.x86_64_17.0.8.v20230831-1047/jre/bin/server;C:/Users/GORANK/Desktop/sts-4.20.1.RELEASE//plugins/org.eclipse.justj.openjdk.hotspot.jre.full.win32.x86_64_17.0.8.v20230831-1047/jre/bin;C:\Program Files\Common Files\Oracle\Java\javapath;C:\Windows\System32;C:\Users\GORANK\AppData\Local\Programs\Python\Python310\Scripts\;C:\Users\GORANK\AppData\Local\Microsoft\WindowsApps;C:\Program Files\Azure Data Studio\bin;C:\Users\GORANK\AppData\Roaming\npm;C:\Program Files\Java\jdk-20;C:\Users\GORANK\AppData\Local\Programs\Microsoft VS Code\bin;C:\Users\GORANK\Desktop\sts-4.20.1.RELEASE;
USERNAME=GORANK
OS=Windows_NT
PROCESSOR_IDENTIFIER=AMD64 Family 23 Model 24 Stepping 1, AuthenticAMD
TMP=C:\Users\GORANK\AppData\Local\Temp
TEMP=C:\Users\GORANK\AppData\Local\Temp



---------------  S Y S T E M  ---------------

OS:
 Windows 11 , 64 bit Build 22621 (10.0.22621.3085)
OS uptime: 1 days 2:45 hours

CPU: total 8 (initial active 8) (8 cores per cpu, 2 threads per core) family 23 model 24 stepping 1 microcode 0x0, cx8, cmov, fxsr, ht, mmx, 3dnowpref, sse, sse2, sse3, ssse3, sse4a, sse4.1, sse4.2, popcnt, lzcnt, tsc, tscinvbit, avx, avx2, aes, clmul, bmi1, bmi2, adx, sha, fma, vzeroupper, clflush, clflushopt
Processor Information for all 8 processors :
  Max Mhz: 2100, Current Mhz: 2100, Mhz Limit: 2100

Memory: 4k page, system-wide physical 6021M (369M free)
TotalPageFile size 21483M (AvailPageFile size 3426M)
current process WorkingSet (physical memory assigned to process): 178M, peak: 226M
current process commit charge ("private bytes"): 269M, peak: 275M

vm_info: OpenJDK 64-Bit Server VM (17.0.8.1+1) for windows-amd64 JRE (17.0.8.1+1), built on Aug 23 2023 15:29:17 by "admin" with MS VC++ 16.7 (VS2019)

END.
